<?xml version="1.0" encoding="UTF-8"?>
<kert:test-plan xmlns="http://www.w3.org/1999/xhtml" xmlns:kert="http://kuberam.ro/ns/kert"
  test-plan-version="0.4">
  <kert:description>Test plan for cryptographic XQuery extension module of eXist XMLDB</kert:description>
  <kert:version>0.2</kert:version>
  <kert:results>
    <!--start of standard results - do not remove them -->
    <kert:result id="passed" icon-url="../resources/images/passed.png" font-color="white" background-color="green"
      score="0">Passed</kert:result>
    <kert:result id="failed" icon-url="../resources/images/failed.png" font-color="white" background-color="red"
      score="0">Failed</kert:result>
    <kert:result id="unfound" icon-url="" font-color="white" background-color="black" score="0">Unfound
    </kert:result>
    <kert:result id="undefined" icon-url="" font-color="white" background-color="black" score="0">Undefined
      result token
    </kert:result>
    <!--end of standard results - do not remove them -->
    <kert:result id="partial" icon-url="" font-color="white" background-color="yellow" score="0">Partial
    </kert:result>
    <kert:result id="unknown" icon-url="" font-color="black" background-color="white" score="0">Unknown
    </kert:result>
    <kert:result id="deprecated" icon-url="" font-color="white" background-color="green" score="0">Deprecated
    </kert:result>
    <kert:result id="timeout" icon-url="" font-color="white" background-color="green" score="0">Timeout
    </kert:result>
  </kert:results>
  <kert:test id="1">
    <kert:author>Claudius Teodorescu</kert:author>
    <kert:title>Generate enveloped digital signature</kert:title>
    <kert:version>0.3</kert:version>
    <kert:description>
      Generate an enveloped digital signature for an XML document by using the following parameters:
      'SHA1' canonicalization algorithm, 'DSA_SHA1' signature algorithm,
      'dsig' signature namespace prefix, and an X509
      certificate.
    </kert:description>
    <kert:test-url>http://127.0.0.1:8080/tests/x-crypt/unit-tests/generateEnvelopedDigitalSignature.xq</kert:test-url>
    <kert:source-url>http://127.0.0.1:8080/utils/kert-new/services/source.xql?url=/tests/x-crypt/unit-tests/generateEnvelopedDigitalSignature.xq
    </kert:source-url>
    <kert:assertion>/result/result-token</kert:assertion>
    <kert:timeout />
    <kert:run-status timestamp="" />
    <kert:development-status timestamp="" />
    <kert:log />
    <kert:loops-number />
    <kert:total-test-time />
    <kert:type>unattended</kert:type>
    <kert:assertion-type>assert-xml</kert:assertion-type>
  </kert:test>
  <kert:test id="2">
    <kert:author>Claudius Teodorescu</kert:author>
    <kert:title>Validate enveloped digital signature</kert:title>
    <kert:version>0.3</kert:version>
    <kert:description>
      Validate an enveloped digital signature, which is generated by using the following parameters:
      'SHA1' canonicalization algorithm, 'DSA_SHA1' signature algorithm,
      'dsig' signature namespace prefix, and an X509
      certificate.
    </kert:description>
    <kert:test-url>http://127.0.0.1:8080/tests/x-crypt/unit-tests/validateEnvelopedDigitalSignature.xq</kert:test-url>
    <kert:source-url>http://127.0.0.1:8080/utils/kert-new/services/source.xql?url=/tests/x-crypt/unit-tests/validateEnvelopedDigitalSignature.xq
    </kert:source-url>
    <kert:assertion>/result/result-token</kert:assertion>
    <kert:timeout />
    <kert:run-status timestamp="" />
    <kert:development-status timestamp="" />
    <kert:log />
    <kert:loops-number />
    <kert:total-test-time />
    <kert:type>unattended</kert:type>
    <kert:assertion-type>assert-xml</kert:assertion-type>
  </kert:test>
  <kert:test id="3">
    <kert:author>Claudius Teodorescu</kert:author>
    <kert:title>Symmetric encryption of string</kert:title>
    <kert:version>0.3</kert:version>
    <kert:description>
      Symmetric encryption of string '
      <kert:a>Test!</kert:a>
      ' with AES algorithm and 128 key.
    </kert:description>
    <kert:test-url>http://127.0.0.1:8080/tests/x-crypt/unit-tests/encryptStringWithAesSymmetricKey.xq</kert:test-url>
    <kert:source-url>http://127.0.0.1:8080/utils/kert-new/services/source.xql?url=/tests/x-crypt/unit-tests/encryptStringWithAesSymmetricKey.xq
    </kert:source-url>
    <kert:assertion>/result/result-token</kert:assertion>
    <kert:timeout />
    <kert:run-status timestamp="" />
    <kert:development-status timestamp="" />
    <kert:log />
    <kert:loops-number />
    <kert:total-test-time />
    <kert:type>unattended</kert:type>
    <kert:assertion-type>assert-xml</kert:assertion-type>
  </kert:test>
  <kert:test id="4">
    <kert:author>Claudius Teodorescu</kert:author>
    <kert:title>Symmetric decryption of string</kert:title>
    <kert:version>0.3</kert:version>
    <kert:description>Symmetric decryption of string '195-222-168-136-219-30-67-109-140-47-163-70-57-42-195-86' with AES
      algorithm and 128 key.
    </kert:description>
    <kert:test-url>http://127.0.0.1:8080/tests/x-crypt/unit-tests/decryptStringWithAesSymmetricKey.xq</kert:test-url>
    <kert:source-url>http://127.0.0.1:8080/utils/kert-new/services/source.xql?url=/tests/x-crypt/unit-tests/decryptStringWithAesSymmetricKey.xq
    </kert:source-url>
    <kert:assertion>/result/result-token</kert:assertion>
    <kert:timeout />
    <kert:run-status timestamp="" />
    <kert:development-status timestamp="" />
    <kert:log />
    <kert:loops-number />
    <kert:total-test-time />
    <kert:type>unattended</kert:type>
    <kert:assertion-type>assert-xml</kert:assertion-type>
  </kert:test>
  <kert:test id="5">
    <kert:author>Claudius Teodorescu</kert:author>
    <kert:title>Error message for symmetric encryption of string</kert:title>
    <kert:version>0.3</kert:version>
    <kert:description>
      Symmetric encryption of string '
      <kert:a>Test!</kert:a>
      ' with AES algorithm and 136 key (testing with a wrong key, to see the error message).
    </kert:description>
    <kert:test-url>http://127.0.0.1:8080/tests/x-crypt/unit-tests/encryptStringWithAesWrongSymmetricKey.xq
    </kert:test-url>
    <kert:source-url>http://127.0.0.1:8080/utils/kert-new/services/source.xql?url=/tests/x-crypt/unit-tests/encryptStringWithAesWrongSymmetricKey.xq
    </kert:source-url>
    <kert:assertion>/result/result-token</kert:assertion>
    <kert:timeout />
    <kert:run-status timestamp="" />
    <kert:development-status timestamp="" />
    <kert:log />
    <kert:loops-number />
    <kert:total-test-time />
    <kert:type>unattended</kert:type>
    <kert:assertion-type>assert-xml</kert:assertion-type>
  </kert:test>
  <kert:test id="6">
    <kert:author>Claudius Teodorescu</kert:author>
    <kert:title>'SHA-512' HMAC for string</kert:title>
    <kert:version>0.3</kert:version>
    <kert:description>HMAC for a string by using 'SHA-512' algorithm.</kert:description>
    <kert:test-url>http://127.0.0.1:8080/tests/x-crypt/unit-tests/hmacStringWithSha512.xq</kert:test-url>
    <kert:source-url>http://127.0.0.1:8080/utils/kert-new/services/source.xql?url=/tests/x-crypt/unit-tests/hmacStringWithSha512.xq
    </kert:source-url>
    <kert:assertion>/result/result-token</kert:assertion>
    <kert:timeout />
    <kert:run-status timestamp="" />
    <kert:development-status timestamp="" />
    <kert:log />
    <kert:loops-number />
    <kert:total-test-time />
    <kert:type>unattended</kert:type>
    <kert:assertion-type>assert-xml</kert:assertion-type>
  </kert:test>
  <kert:test id="7">
    <kert:author>Claudius Teodorescu</kert:author>
    <kert:title>'MD5' hashing for string</kert:title>
    <kert:version>0.3</kert:version>
    <kert:description>Hashing a string by using 'MD5' algorithm.</kert:description>
    <kert:test-url>http://127.0.0.1:8080/tests/x-crypt/unit-tests/hashStringWithMd5.xq</kert:test-url>
    <kert:source-url>http://127.0.0.1:8080/utils/kert-new/services/source.xql?url=/tests/x-crypt/unit-tests/hashStringWithMd5.xq
    </kert:source-url>
    <kert:assertion>/result/result-token</kert:assertion>
    <kert:timeout />
    <kert:run-status timestamp="" />
    <kert:development-status timestamp="" />
    <kert:log />
    <kert:loops-number />
    <kert:total-test-time />
    <kert:type>unattended</kert:type>
    <kert:assertion-type>assert-xml</kert:assertion-type>
  </kert:test>
  <kert:test id="8">
    <kert:author>Claudius Teodorescu</kert:author>
    <kert:title>'SHA-1' hashing for string</kert:title>
    <kert:version>0.3</kert:version>
    <kert:description>Hashing a string by using 'SHA-1' algorithm.</kert:description>
    <kert:test-url>http://127.0.0.1:8080/tests/x-crypt/unit-tests/hashStringWithSha1.xq</kert:test-url>
    <kert:source-url>http://127.0.0.1:8080/utils/kert-new/services/source.xql?url=/tests/x-crypt/unit-tests/hashStringWithSha1.xq
    </kert:source-url>
    <kert:assertion>/result/result-token</kert:assertion>
    <kert:timeout />
    <kert:run-status timestamp="" />
    <kert:development-status timestamp="" />
    <kert:log />
    <kert:loops-number />
    <kert:total-test-time />
    <kert:type>unattended</kert:type>
    <kert:assertion-type>assert-xml</kert:assertion-type>
  </kert:test>
  <kert:test id="9">
    <kert:author>Claudius Teodorescu</kert:author>
    <kert:title>'MD5' HMAC for string</kert:title>
    <kert:version>0.3</kert:version>
    <kert:description>HMAC for a string by using 'MD5' algorithm.</kert:description>
    <kert:test-url>http://127.0.0.1:8080/tests/x-crypt/unit-tests/hmacStringWithMd5.xq</kert:test-url>
    <kert:source-url>http://127.0.0.1:8080/utils/kert-new/services/source.xql?url=/tests/x-crypt/unit-tests/hmacStringWithMd5.xq
    </kert:source-url>
    <kert:assertion>/result/result-token</kert:assertion>
    <kert:timeout />
    <kert:run-status timestamp="" />
    <kert:development-status timestamp="" />
    <kert:log />
    <kert:loops-number />
    <kert:total-test-time />
    <kert:type>unattended</kert:type>
    <kert:assertion-type>assert-xml</kert:assertion-type>
  </kert:test>
  <kert:test id="10">
    <kert:author>Claudius Teodorescu</kert:author>
    <kert:title>'SHA-1' HMAC for string</kert:title>
    <kert:version>0.3</kert:version>
    <kert:description>HMAC for a string by using 'SHA-1' algorithm.</kert:description>
    <kert:test-url>http://127.0.0.1:8080/tests/x-crypt/unit-tests/hmacStringWithSha1.xql</kert:test-url>
    <kert:source-url>http://127.0.0.1:8080/utils/kert-new/services/source.xql?url=/tests/x-crypt/unit-tests/hmacStringWithSha1.xql
    </kert:source-url>
    <kert:assertion>/result/result-token</kert:assertion>
    <kert:timeout />
    <kert:run-status timestamp="" />
    <kert:development-status timestamp="" />
    <kert:log />
    <kert:loops-number />
    <kert:total-test-time />
    <kert:type>unattended</kert:type>
    <kert:assertion-type>assert-xml</kert:assertion-type>
  </kert:test>
  <kert:test id="11">
    <kert:author>Claudius Teodorescu</kert:author>
    <kert:title>'SHA-256' HMAC for string</kert:title>
    <kert:version>0.3</kert:version>
    <kert:description>HMAC for a string by using 'SHA-256' algorithm.</kert:description>
    <kert:test-url>http://127.0.0.1:8080/tests/x-crypt/unit-tests/hmacStringWithSha256.xql</kert:test-url>
    <kert:source-url>http://127.0.0.1:8080/utils/kert-new/services/source.xql?url=/tests/x-crypt/unit-tests/hmacStringWithSha256.xql
    </kert:source-url>
    <kert:assertion>/result/result-token</kert:assertion>
    <kert:timeout />
    <kert:run-status timestamp="" />
    <kert:development-status timestamp="" />
    <kert:log />
    <kert:loops-number />
    <kert:total-test-time />
    <kert:type>unattended</kert:type>
    <kert:assertion-type>assert-xml</kert:assertion-type>
  </kert:test>
  <kert:test id="12">
    <kert:author>Claudius Teodorescu</kert:author>
    <kert:title>'SHA-384' HMAC for string</kert:title>
    <kert:version>0.3</kert:version>
    <kert:description>HMAC for a string by using 'SHA-384' algorithm.</kert:description>
    <kert:test-url>http://127.0.0.1:8080/tests/x-crypt/unit-tests/hmacStringWithSha384.xql</kert:test-url>
    <kert:source-url>http://127.0.0.1:8080/utils/kert-new/services/source.xql?url=/tests/x-crypt/unit-tests/hmacStringWithSha384.xql
    </kert:source-url>
    <kert:assertion>/result/result-token</kert:assertion>
    <kert:timeout />
    <kert:run-status timestamp="" />
    <kert:development-status timestamp="" />
    <kert:log />
    <kert:loops-number />
    <kert:total-test-time />
    <kert:type>unattended</kert:type>
    <kert:assertion-type>assert-xml</kert:assertion-type>
  </kert:test>
  <kert:test id="13">
    <kert:author>Joe Wicentowski</kert:author>
    <kert:title>AWS REST request</kert:title>
    <kert:version>0.3</kert:version>
    <kert:description>Authenticating a REST Request as needed by S3 Amazon Web Service</kert:description>
    <kert:test-url>http://127.0.0.1:8080/tests/x-crypt/unit-tests/AwsRestRequest.xq</kert:test-url>
    <kert:source-url>http://127.0.0.1:8080/utils/kert-new/services/source.xql?url=/tests/x-crypt/unit-tests/AwsRestRequest.xq
    </kert:source-url>
    <kert:assertion>/result/result-token</kert:assertion>
    <kert:timeout />
    <kert:run-status timestamp="" />
    <kert:development-status timestamp="" />
    <kert:log />
    <kert:loops-number />
    <kert:total-test-time />
    <kert:type>unattended</kert:type>
    <kert:assertion-type>assert-xml</kert:assertion-type>
  </kert:test>
  <kert:test id="14">
    <kert:author>Claudius Teodorescu</kert:author>
    <kert:title>'SHA-256' hashing for string</kert:title>
    <kert:version>0.1</kert:version>
    <kert:description>Hashing a string by using 'SHA-256' algorithm.</kert:description>
    <kert:test-url>http://127.0.0.1:8080/tests/x-crypt/unit-tests/hashStringWithSha256.xq</kert:test-url>
    <kert:source-url>http://127.0.0.1:8080/utils/kert-new/services/source.xql?url=/tests/x-crypt/unit-tests/hashStringWithSha256.xq
    </kert:source-url>
    <kert:assertion>/result/result-token</kert:assertion>
    <kert:timeout />
    <kert:run-status timestamp="" />
    <kert:development-status timestamp="" />
    <kert:log />
    <kert:loops-number />
    <kert:total-test-time />
    <kert:type>unattended</kert:type>
    <kert:assertion-type>assert-xml</kert:assertion-type>
  </kert:test>
  <kert:test id="15">
    <kert:author>Claudius Teodorescu</kert:author>
    <kert:title>'SHA-384' hashing for string</kert:title>
    <kert:version>0.1</kert:version>
    <kert:description>Hashing a string by using 'SHA-384' algorithm.</kert:description>
    <kert:test-url>http://127.0.0.1:8080/tests/x-crypt/unit-tests/hashStringWithSha384.xq</kert:test-url>
    <kert:source-url>http://127.0.0.1:8080/utils/kert-new/services/source.xql?url=/tests/x-crypt/unit-tests/hashStringWithSha384.xq
    </kert:source-url>
    <kert:assertion>/result/result-token</kert:assertion>
    <kert:timeout />
    <kert:run-status timestamp="" />
    <kert:development-status timestamp="" />
    <kert:log />
    <kert:loops-number />
    <kert:total-test-time />
    <kert:type>unattended</kert:type>
    <kert:assertion-type>assert-xml</kert:assertion-type>
  </kert:test>
  <kert:test id="16">
    <kert:author>Claudius Teodorescu</kert:author>
    <kert:title>'SHA-512' hashing for string</kert:title>
    <kert:version>0.1</kert:version>
    <kert:description>Hashing a string by using 'SHA-512' algorithm.</kert:description>
    <kert:test-url>http://127.0.0.1:8080/tests/x-crypt/unit-tests/hashStringWithSha512.xq</kert:test-url>
    <kert:source-url>http://127.0.0.1:8080/utils/kert-new/services/source.xql?url=/tests/x-crypt/unit-tests/hashStringWithSha512.xq
    </kert:source-url>
    <kert:assertion>/result/result-token</kert:assertion>
    <kert:timeout />
    <kert:run-status timestamp="" />
    <kert:development-status timestamp="" />
    <kert:log />
    <kert:loops-number />
    <kert:total-test-time />
    <kert:type>unattended</kert:type>
    <kert:assertion-type>assert-xml</kert:assertion-type>
  </kert:test>
  <kert:test id="17">
    <kert:author>Claudius Teodorescu</kert:author>
    <kert:title>'MD5' hashing for binary</kert:title>
    <kert:version>0.1</kert:version>
    <kert:description>Hashing a string by using 'MD5' algorithm.</kert:description>
    <kert:test-url>http://127.0.0.1:8080/tests/x-crypt/unit-tests/hashBinaryWithMd5.xq</kert:test-url>
    <kert:source-url>http://127.0.0.1:8080/utils/kert-new/services/source.xql?url=/tests/x-crypt/unit-tests/hashBinaryWithMd5.xq
    </kert:source-url>
    <kert:assertion>/result/result-token</kert:assertion>
    <kert:timeout />
    <kert:run-status timestamp="" />
    <kert:development-status timestamp="" />
    <kert:log />
    <kert:loops-number />
    <kert:total-test-time />
    <kert:type>unattended</kert:type>
    <kert:assertion-type>assert-xml</kert:assertion-type>
  </kert:test>
  <kert:test id="18">
    <kert:author>Claudius Teodorescu</kert:author>
    <kert:title>'SHA-1' hashing for binary</kert:title>
    <kert:version>0.1</kert:version>
    <kert:description>Hashing a string by using 'SHA-1' algorithm.</kert:description>
    <kert:test-url>http://127.0.0.1:8080/tests/x-crypt/unit-tests/hashBinaryWithSha1.xq</kert:test-url>
    <kert:source-url>http://127.0.0.1:8080/utils/kert-new/services/source.xql?url=/tests/x-crypt/unit-tests/hashBinaryWithSha1.xq
    </kert:source-url>
    <kert:assertion>/result/result-token</kert:assertion>
    <kert:timeout />
    <kert:run-status timestamp="" />
    <kert:development-status timestamp="" />
    <kert:log />
    <kert:loops-number />
    <kert:total-test-time />
    <kert:type>unattended</kert:type>
    <kert:assertion-type>assert-xml</kert:assertion-type>
  </kert:test>
  <kert:test id="19">
    <kert:author>Claudius Teodorescu</kert:author>
    <kert:title>'SHA-256' hashing for binary</kert:title>
    <kert:version>0.1</kert:version>
    <kert:description>Hashing a string by using 'SHA-256' algorithm.</kert:description>
    <kert:test-url>http://127.0.0.1:8080/tests/x-crypt/unit-tests/hashBinaryWithSha256.xq</kert:test-url>
    <kert:source-url>http://127.0.0.1:8080/utils/kert-new/services/source.xql?url=/tests/x-crypt/unit-tests/hashBinaryWithSha256.xq
    </kert:source-url>
    <kert:assertion>/result/result-token</kert:assertion>
    <kert:timeout />
    <kert:run-status timestamp="" />
    <kert:development-status timestamp="" />
    <kert:log />
    <kert:loops-number />
    <kert:total-test-time />
    <kert:type>unattended</kert:type>
    <kert:assertion-type>assert-xml</kert:assertion-type>
  </kert:test>
  <kert:test id="20">
    <kert:author>Claudius Teodorescu</kert:author>
    <kert:title>'SHA-384' hashing for binary</kert:title>
    <kert:version>0.1</kert:version>
    <kert:description>Hashing a string by using 'SHA-384' algorithm.</kert:description>
    <kert:test-url>http://127.0.0.1:8080/tests/x-crypt/unit-tests/hashBinaryWithSha384.xq</kert:test-url>
    <kert:source-url>http://127.0.0.1:8080/utils/kert-new/services/source.xql?url=/tests/x-crypt/unit-tests/hashBinaryWithSha384.xq
    </kert:source-url>
    <kert:assertion>/result/result-token</kert:assertion>
    <kert:timeout />
    <kert:run-status timestamp="" />
    <kert:development-status timestamp="" />
    <kert:log />
    <kert:loops-number />
    <kert:total-test-time />
    <kert:type>unattended</kert:type>
    <kert:assertion-type>assert-xml</kert:assertion-type>
  </kert:test>
  <kert:test id="21">
    <kert:author>Claudius Teodorescu</kert:author>
    <kert:title>'SHA-512' hashing for binary</kert:title>
    <kert:version>0.1</kert:version>
    <kert:description>Hashing a string by using 'SHA-512' algorithm.</kert:description>
    <kert:test-url>http://127.0.0.1:8080/tests/x-crypt/unit-tests/hashBinaryWithSha512.xq</kert:test-url>
    <kert:source-url>http://127.0.0.1:8080/utils/kert-new/services/source.xql?url=/tests/x-crypt/unit-tests/hashBinaryWithSha512.xq
    </kert:source-url>
    <kert:assertion>/result/result-token</kert:assertion>
    <kert:timeout />
    <kert:run-status timestamp="" />
    <kert:development-status timestamp="" />
    <kert:log />
    <kert:loops-number />
    <kert:total-test-time />
    <kert:type>unattended</kert:type>
    <kert:assertion-type>assert-xml</kert:assertion-type>
  </kert:test>   
  <kert:traceability-matrix />
  <kert:test-tree>
    <ul id="tree-data">
      <li id="tree-1" title="Test 1">Generate enveloped digital signature</li>
      <li id="tree-2" title="Test 2">Validate enveloped digital signature</li>
      <li id="tree-3" title="Test 3">Symmetric encryption of string</li>
      <li id="tree-4" title="Test 4">Symmetric decryption of string</li>
      <li id="tree-5" title="Test 5">Error message for symmetric encryption of string</li>
      <li id="tree-9" title="Test 9">'MD5' HMAC for string</li>
      <li id="tree-10" title="Test 10">'SHA-1' HMAC for string</li>
      <li id="tree-11" title="Test 11">'SHA-256' HMAC for string</li>
      <li id="tree-12" title="Test 12">'SHA-384' HMAC for string</li>
      <li id="tree-6" title="Test 6">'SHA-512' HMAC for string</li>
      <li id="tree-7" title="Test 7">'MD5' hashing for string</li>
      <li id="tree-8" title="Test 8">'SHA-1' hashing for string</li>
      <li id="tree-14" title="Test 14">'SHA-256' hashing for string</li>
      <li id="tree-15" title="Test 15">'SHA-384' hashing for string</li>
      <li id="tree-16" title="Test 16">'SHA-512' hashing for string</li>
      <li id="tree-7" title="Test 17">'MD5' hashing for binary</li>
      <li id="tree-8" title="Test 18">'SHA-1' hashing for binary</li>
      <li id="tree-14" title="Test 19">'SHA-256' hashing for binary</li>
      <li id="tree-15" title="Test 20">'SHA-384' hashing for binary</li>
      <li id="tree-16" title="Test 21">'SHA-512' hashing for binary</li>
      <li id="tree-13" title="Test 13">AWS REST request</li>
    </ul>
  </kert:test-tree>
</kert:test-plan>